<?xml version="1.0" encoding="UTF-8"?>
<!-- Generated by org.testng.reporters.JUnitXMLReporter -->
<testsuite ignored="2" hostname="Harini" failures="0" tests="1" name="Test" time="0.133" errors="0" timestamp="2024-03-05T10:35:26 IST">
  <testcase classname="groups.Test_annot" name="test1" time="0.015"/>
  <testcase classname="groups.Test_annot" name="test3" time="0.0">
    <ignored/>
  </testcase> <!-- test3 -->
  <testcase classname="groups.Test_annot" name="test2" time="0.0">
    <ignored/>
  </testcase> <!-- test2 -->
</testsuite> <!-- Test -->
